<?xml version="1.0" encoding="UTF-8"?>
<!-- Generated by org.testng.reporters.JUnitReportReporter -->
<testsuite skipped="0" hostname="ITCL0VRNR" name="com.Assignment.Fourth.NewTest" tests="1" failures="0" timestamp="30 Jan 2021 21:27:00 GMT" time="0.008" errors="0">
  <testcase name="f" time="0.008" classname="com.Assignment.Fourth.NewTest"/>
</testsuite> <!-- com.Assignment.Fourth.NewTest -->
